# JRE version: OpenJDK Runtime Environment 18.9 (11.0.11+9) (build 11.0.11+9)
# Java VM: OpenJDK 64-Bit Server VM 18.9 (11.0.11+9, mixed mode, tiered, compressed oops, g1 gc, windows-amd64)
Heap:
 garbage-first heap   total 262144K, used 196055K [0x0000000740000000, 0x0000000800000000)
  region size 1024K, 55 young (56320K), 4 survivors (4096K)
 Metaspace       used 128923K, capacity 132178K, committed 132252K, reserved 1163264K
  class space    used 16949K, capacity 18389K, committed 18432K, reserved 1048576K
GC Heap History (20 events):
Event: 3369.789 GC heap before
{Heap before GC invocations=333 (full 6):
 garbage-first heap   total 262144K, used 197066K [0x0000000740000000, 0x0000000800000000)
  region size 1024K, 60 young (61440K), 2 survivors (2048K)
 Metaspace       used 128748K, capacity 131973K, committed 132252K, reserved 1163264K
  class space    used 16948K, capacity 18388K, committed 18432K, reserved 1048576K
}
Event: 3369.792 GC heap after
{Heap after GC invocations=334 (full 6):
 garbage-first heap   total 262144K, used 137653K [0x0000000740000000, 0x0000000800000000)
  region size 1024K, 2 young (2048K), 2 survivors (2048K)
 Metaspace       used 128748K, capacity 131973K, committed 132252K, reserved 1163264K
  class space    used 16948K, capacity 18388K, committed 18432K, reserved 1048576K
}
Event: 3389.492 GC heap before
{Heap before GC invocations=334 (full 6):
 garbage-first heap   total 262144K, used 197045K [0x0000000740000000, 0x0000000800000000)
  region size 1024K, 60 young (61440K), 2 survivors (2048K)
 Metaspace       used 128773K, capacity 132037K, committed 132252K, reserved 1163264K
  class space    used 16948K, capacity 18388K, committed 18432K, reserved 1048576K
}
Event: 3389.495 GC heap after
{Heap after GC invocations=335 (full 6):
 garbage-first heap   total 262144K, used 137817K [0x0000000740000000, 0x0000000800000000)
  region size 1024K, 2 young (2048K), 2 survivors (2048K)
 Metaspace       used 128773K, capacity 132037K, committed 132252K, reserved 1163264K
  class space    used 16948K, capacity 18388K, committed 18432K, reserved 1048576K
}
Event: 3391.905 GC heap before
{Heap before GC invocations=335 (full 6):
 garbage-first heap   total 262144K, used 197209K [0x0000000740000000, 0x0000000800000000)
  region size 1024K, 60 young (61440K), 2 survivors (2048K)
 Metaspace       used 128779K, capacity 132037K, committed 132252K, reserved 1163264K
  class space    used 16948K, capacity 18388K, committed 18432K, reserved 1048576K
}
Event: 3391.907 GC heap after
{Heap after GC invocations=336 (full 6):
 garbage-first heap   total 262144K, used 137860K [0x0000000740000000, 0x0000000800000000)
  region size 1024K, 2 young (2048K), 2 survivors (2048K)
 Metaspace       used 128779K, capacity 132037K, committed 132252K, reserved 1163264K
  class space    used 16948K, capacity 18388K, committed 18432K, reserved 1048576K
}
Event: 3393.991 GC heap before
{Heap before GC invocations=336 (full 6):
 garbage-first heap   total 262144K, used 197252K [0x0000000740000000, 0x0000000800000000)
  region size 1024K, 60 young (61440K), 2 survivors (2048K)
 Metaspace       used 128794K, capacity 132037K, committed 132252K, reserved 1163264K
  class space    used 16948K, capacity 18388K, committed 18432K, reserved 1048576K
}
Event: 3393.992 GC heap after
{Heap after GC invocations=337 (full 6):
 garbage-first heap   total 262144K, used 138312K [0x0000000740000000, 0x0000000800000000)
  region size 1024K, 2 young (2048K), 2 survivors (2048K)
 Metaspace       used 128794K, capacity 132037K, committed 132252K, reserved 1163264K
  class space    used 16948K, capacity 18388K, committed 18432K, reserved 1048576K
}
Event: 3395.909 GC heap before
{Heap before GC invocations=337 (full 6):
 garbage-first heap   total 262144K, used 197704K [0x0000000740000000, 0x0000000800000000)
  region size 1024K, 60 young (61440K), 2 survivors (2048K)
 Metaspace       used 128819K, capacity 132101K, committed 132252K, reserved 1163264K
  class space    used 16948K, capacity 18388K, committed 18432K, reserved 1048576K
}
Event: 3395.912 GC heap after
{Heap after GC invocations=338 (full 6):
 garbage-first heap   total 262144K, used 138087K [0x0000000740000000, 0x0000000800000000)
  region size 1024K, 2 young (2048K), 2 survivors (2048K)
 Metaspace       used 128819K, capacity 132101K, committed 132252K, reserved 1163264K
  class space    used 16948K, capacity 18388K, committed 18432K, reserved 1048576K
}
Event: 3398.035 GC heap before
{Heap before GC invocations=338 (full 6):
 garbage-first heap   total 262144K, used 197479K [0x0000000740000000, 0x0000000800000000)
  region size 1024K, 60 young (61440K), 2 survivors (2048K)
 Metaspace       used 128842K, capacity 132111K, committed 132252K, reserved 1163264K
  class space    used 16949K, capacity 18388K, committed 18432K, reserved 1048576K
}
Event: 3398.037 GC heap after
{Heap after GC invocations=339 (full 6):
 garbage-first heap   total 262144K, used 138090K [0x0000000740000000, 0x0000000800000000)
  region size 1024K, 2 young (2048K), 2 survivors (2048K)
 Metaspace       used 128842K, capacity 132111K, committed 132252K, reserved 1163264K
  class space    used 16949K, capacity 18388K, committed 18432K, reserved 1048576K
}
Event: 3400.763 GC heap before
{Heap before GC invocations=339 (full 6):
 garbage-first heap   total 262144K, used 197482K [0x0000000740000000, 0x0000000800000000)
  region size 1024K, 60 young (61440K), 2 survivors (2048K)
 Metaspace       used 128852K, capacity 132111K, committed 132252K, reserved 1163264K
  class space    used 16949K, capacity 18388K, committed 18432K, reserved 1048576K
}
Event: 3400.766 GC heap after
{Heap after GC invocations=340 (full 6):
 garbage-first heap   total 262144K, used 137791K [0x0000000740000000, 0x0000000800000000)
  region size 1024K, 2 young (2048K), 2 survivors (2048K)
 Metaspace       used 128852K, capacity 132111K, committed 132252K, reserved 1163264K
  class space    used 16949K, capacity 18388K, committed 18432K, reserved 1048576K
}
Event: 3404.755 GC heap before
{Heap before GC invocations=340 (full 6):
 garbage-first heap   total 262144K, used 196159K [0x0000000740000000, 0x0000000800000000)
  region size 1024K, 60 young (61440K), 2 survivors (2048K)
 Metaspace       used 128884K, capacity 132111K, committed 132252K, reserved 1163264K
  class space    used 16949K, capacity 18388K, committed 18432K, reserved 1048576K
}
Event: 3404.761 GC heap after
{Heap after GC invocations=341 (full 6):
 garbage-first heap   total 262144K, used 142062K [0x0000000740000000, 0x0000000800000000)
  region size 1024K, 6 young (6144K), 6 survivors (6144K)
 Metaspace       used 128884K, capacity 132111K, committed 132252K, reserved 1163264K
  class space    used 16949K, capacity 18388K, committed 18432K, reserved 1048576K
}
Event: 3405.770 GC heap before
{Heap before GC invocations=341 (full 6):
 garbage-first heap   total 262144K, used 197358K [0x0000000740000000, 0x0000000800000000)
  region size 1024K, 60 young (61440K), 6 survivors (6144K)
 Metaspace       used 128889K, capacity 132111K, committed 132252K, reserved 1163264K
  class space    used 16949K, capacity 18388K, committed 18432K, reserved 1048576K
}
Event: 3405.776 GC heap after
{Heap after GC invocations=342 (full 6):
 garbage-first heap   total 262144K, used 142634K [0x0000000740000000, 0x0000000800000000)
  region size 1024K, 1 young (1024K), 1 survivors (1024K)
 Metaspace       used 128889K, capacity 132111K, committed 132252K, reserved 1163264K
  class space    used 16949K, capacity 18388K, committed 18432K, reserved 1048576K
}
Event: 3407.976 GC heap before
{Heap before GC invocations=342 (full 6):
 garbage-first heap   total 262144K, used 203050K [0x0000000740000000, 0x0000000800000000)
  region size 1024K, 60 young (61440K), 1 survivors (1024K)
 Metaspace       used 128918K, capacity 132175K, committed 132252K, reserved 1163264K
  class space    used 16949K, capacity 18388K, committed 18432K, reserved 1048576K
}
Event: 3407.980 GC heap after
{Heap after GC invocations=343 (full 6):
 garbage-first heap   total 262144K, used 144855K [0x0000000740000000, 0x0000000800000000)
  region size 1024K, 4 young (4096K), 4 survivors (4096K)
 Metaspace       used 128918K, capacity 132175K, committed 132252K, reserved 1163264K
  class space    used 16949K, capacity 18388K, committed 18432K, reserved 1048576K
}

